<?xml version='1.0' encoding='UTF-8'?>
<testsuite hostname="fritz" name="MainTest" tests="1" errors="0" failures="0" skipped="0" time="0.039" timestamp="2021-10-08T15:12:35">
          <properties>
      <property name="awt.toolkit" value="sun.awt.X11.XToolkit"/><property name="java.specification.version" value="11"/><property name="sun.cpu.isalist" value=""/><property name="sun.jnu.encoding" value="UTF-8"/><property name="sun.arch.data.model" value="64"/><property name="java.vendor.url" value="https://aws.amazon.com/corretto/"/><property name="sun.boot.library.path" value="/home/protomikex/.sdkman/candidates/java/11.0.6-amzn/lib"/><property name="sun.java.command" value="/home/protomikex/.sdkman/candidates/sbt/1.5.5/bin/sbt-launch.jar test"/><property name="jdk.debug" value="release"/><property name="java.specification.vendor" value="Oracle Corporation"/><property name="java.version.date" value="2020-01-14"/><property name="java.home" value="/home/protomikex/.sdkman/candidates/java/11.0.6-amzn"/><property name="file.separator" value="/"/><property name="java.vm.compressedOopsMode" value="32-bit"/><property name="line.separator" value="
"/><property name="java.specification.name" value="Java Platform API Specification"/><property name="java.vm.specification.vendor" value="Oracle Corporation"/><property name="sun.management.compiler" value="HotSpot 64-Bit Tiered Compilers"/><property name="java.runtime.version" value="11.0.6+10-LTS"/><property name="user.name" value="protomikex"/><property name="log4j.ignoreTCL" value="true"/><property name="file.encoding" value="UTF-8"/><property name="jnidispatch.path" value="/home/protomikex/.cache/JNA/temp/jna10228237826612181461.tmp"/><property name="java.vendor.version" value="Corretto-11.0.6.10.1"/><property name="jna.loaded" value="true"/><property name="java.io.tmpdir" value="/tmp"/><property name="java.version" value="11.0.6"/><property name="java.vm.specification.name" value="Java Virtual Machine Specification"/><property name="java.awt.printerjob" value="sun.print.PSPrinterJob"/><property name="sun.os.patch.level" value="unknown"/><property name="java.library.path" value="/usr/java/packages/lib:/usr/lib64:/lib64:/lib:/usr/lib"/><property name="java.vendor" value="Amazon.com Inc."/><property name="scala.ext.dirs" value="/home/protomikex/.sbt/1.0/java9-rt-ext-amazon_com_inc__11_0_6"/><property name="sun.io.unicode.encoding" value="UnicodeLittle"/><property name="java.class.path" value="/home/protomikex/.sdkman/candidates/sbt/1.5.5/bin/sbt-launch.jar"/><property name="java.vm.vendor" value="Amazon.com Inc."/><property name="jline.shutdownhook" value="false"/><property name="user.timezone" value="America/New_York"/><property name="os.name" value="Linux"/><property name="java.vm.specification.version" value="11"/><property name="sun.java.launcher" value="SUN_STANDARD"/><property name="sun.cpu.endian" value="little"/><property name="user.home" value="/home/protomikex"/><property name="user.language" value="en"/><property name="swoval.tmpdir" value="/home/protomikex/.sbt/1.0"/><property name="java.awt.graphicsenv" value="sun.awt.X11GraphicsEnvironment"/><property name="jline.esc.timeout" value="0"/><property name="path.separator" value=":"/><property name="os.version" value="4.19.104-microsoft-standard"/><property name="jna.nosys" value="true"/><property name="java.runtime.name" value="OpenJDK Runtime Environment"/><property name="java.vm.name" value="OpenJDK 64-Bit Server VM"/><property name="jna.platform.library.path" value="/usr/lib/x86_64-linux-gnu:/lib/x86_64-linux-gnu:/lib64:/usr/lib:/lib:/lib32:/usr/lib/x86_64-linux-gnu/libfakeroot:/usr/lib/wsl/lib"/><property name="java.vendor.url.bug" value="https://github.com/corretto/corretto-11/issues/"/><property name="user.dir" value="/home/protomikex/scala-coding-challenge"/><property name="os.arch" value="amd64"/><property name="java.vm.info" value="mixed mode"/><property name="java.vm.version" value="11.0.6+10-LTS"/><property name="java.class.version" value="55.0"/>
    </properties>
          <testcase classname="MainTest" name="is getReturn working" time="0.039">
                      
                    </testcase>
          <system-out><![CDATA[]]></system-out>
          <system-err><![CDATA[]]></system-err>
        </testsuite>